<?xml version="1.0" encoding="UTF-8"?>
<!-- Generated by org.testng.reporters.JUnitXMLReporter -->
<testsuite ignored="0" hostname="DESKTOP-GR76LI8" failures="1" tests="2" name="LoginTestModule" time="6.755" errors="0" timestamp="2021-08-11T17:01:30 BDT">
  <testcase classname="com.bat.BscicAutomation.Test.LoginTest" name="homepagetitleverify" time="6.456">
    <failure type="java.lang.AssertionError" message="expected [ssBSCIC One Stop Service platform for Ease of doing business in Bangladesh] but found [BSCIC One Stop Service platform for Ease of doing business in Bangladesh]">
      <![CDATA[java.lang.AssertionError: expected [ssBSCIC One Stop Service platform for Ease of doing business in Bangladesh] but found [BSCIC One Stop Service platform for Ease of doing business in Bangladesh]
at com.bat.BscicAutomation.Test.LoginTest.homepagetitleverify(LoginTest.java:28)
at java.base/java.util.ArrayList.forEach(ArrayList.java:1511)
... Removed 33 stack frames]]>
    </failure>
  </testcase> <!-- homepagetitleverify -->
  <testcase classname="com.bat.BscicAutomation.Test.LoginTest" name="logintest" time="0.0">
    <skipped/>
  </testcase> <!-- logintest -->
</testsuite> <!-- LoginTestModule -->
