<?xml version="1.0" encoding="UTF-8"?>
<!-- Generated by org.testng.reporters.JUnitXMLReporter -->
<testsuite ignored="0" hostname="DESKTOP-GR76LI8" failures="0" tests="3" name="ShilpoNibondhonTestModule" time="77.715" errors="0" timestamp="2021-08-11T12:51:33 BDT">
  <testcase classname="com.bat.BscicAutomation.Test.ShilpoNibondhon" name="homePageButtonVerifyAndClick" time="7.637"/>
  <testcase classname="com.bat.BscicAutomation.Test.ShilpoNibondhon" name="goIndustrialRegistrationForm" time="3.037"/>
  <testcase classname="com.bat.BscicAutomation.Test.ShilpoNibondhon" name="industrialRegistrationForm" time="67.03"/>
</testsuite> <!-- ShilpoNibondhonTestModule -->
