<?xml version="1.0" encoding="UTF-8"?>
<!-- Generated by org.testng.reporters.JUnitXMLReporter -->
<testsuite ignored="0" hostname="DESKTOP-GR76LI8" failures="0" tests="3" name="ShilpoNibondhonTestModule" time="69.815" errors="0" timestamp="2021-08-19T13:29:45 BDT">
  <testcase classname="com.bat.BscicAutomation.Test.ShilpoNibondhon" name="homePageButtonVerifyAndClick" time="11.75"/>
  <testcase classname="com.bat.BscicAutomation.Test.ShilpoNibondhon" name="goIndustrialRegistrationForm" time="3.575"/>
  <testcase classname="com.bat.BscicAutomation.Test.ShilpoNibondhon" name="industrialRegistrationForm" time="54.479"/>
</testsuite> <!-- ShilpoNibondhonTestModule -->
