<?xml version="1.0" encoding="UTF-8"?>
<testng-results ignored="0" total="5" passed="5" failed="0" skipped="0">
  <reporter-output>
  </reporter-output>
  <suite started-at="2021-08-11T12:33:36 BDT" name="BscicAutomationBySelenium" finished-at="2021-08-11T12:35:07 BDT" duration-ms="91131">
    <groups>
    </groups>
    <test started-at="2021-08-11T12:33:36 BDT" name="LoginTestModule" finished-at="2021-08-11T12:33:48 BDT" duration-ms="12395">
      <class name="com.bat.BscicAutomation.Test.LoginTest">
        <test-method signature="homepagetitleverify()[pri:0, instance:com.bat.BscicAutomation.Test.LoginTest@20140db9]" started-at="2021-08-11T12:33:36 BDT" name="homepagetitleverify" finished-at="2021-08-11T12:33:46 BDT" duration-ms="9851" status="PASS">
          <reporter-output>
          </reporter-output>
        </test-method> <!-- homepagetitleverify -->
        <test-method signature="logintest(java.util.List)[pri:0, instance:com.bat.BscicAutomation.Test.LoginTest@20140db9]" started-at="2021-08-11T12:33:47 BDT" name="logintest" data-provider="loginData" finished-at="2021-08-11T12:33:48 BDT" depends-on-methods="com.bat.BscicAutomation.Test.LoginTest.homepagetitleverify" duration-ms="1119" status="PASS">
          <params>
            <param index="0">
              <value>
                <![CDATA[[LoginDTO [username=afsana@batworld.com, password=123456A1@]]]]>
              </value>
            </param>
          </params>
          <reporter-output>
          </reporter-output>
        </test-method> <!-- logintest -->
      </class> <!-- com.bat.BscicAutomation.Test.LoginTest -->
    </test> <!-- LoginTestModule -->
    <test started-at="2021-08-11T12:33:48 BDT" name="ShilpoNibondhonTestModule" finished-at="2021-08-11T12:35:07 BDT" duration-ms="78700">
      <class name="com.bat.BscicAutomation.Test.ShilpoNibondhon">
        <test-method signature="homePageButtonVerifyAndClick()[pri:0, instance:com.bat.BscicAutomation.Test.ShilpoNibondhon@cecf639]" started-at="2021-08-11T12:33:48 BDT" name="homePageButtonVerifyAndClick" finished-at="2021-08-11T12:33:56 BDT" duration-ms="7830" status="PASS">
          <reporter-output>
          </reporter-output>
        </test-method> <!-- homePageButtonVerifyAndClick -->
        <test-method signature="goIndustrialRegistrationForm()[pri:0, instance:com.bat.BscicAutomation.Test.ShilpoNibondhon@cecf639]" started-at="2021-08-11T12:33:56 BDT" name="goIndustrialRegistrationForm" finished-at="2021-08-11T12:33:59 BDT" depends-on-methods="com.bat.BscicAutomation.Test.ShilpoNibondhon.homePageButtonVerifyAndClick" duration-ms="3234" status="PASS">
          <reporter-output>
          </reporter-output>
        </test-method> <!-- goIndustrialRegistrationForm -->
        <test-method signature="industrialRegistrationForm()[pri:0, instance:com.bat.BscicAutomation.Test.ShilpoNibondhon@cecf639]" started-at="2021-08-11T12:33:59 BDT" name="industrialRegistrationForm" finished-at="2021-08-11T12:35:07 BDT" depends-on-methods="com.bat.BscicAutomation.Test.ShilpoNibondhon.goIndustrialRegistrationForm" duration-ms="67626" status="PASS">
          <reporter-output>
          </reporter-output>
        </test-method> <!-- industrialRegistrationForm -->
      </class> <!-- com.bat.BscicAutomation.Test.ShilpoNibondhon -->
    </test> <!-- ShilpoNibondhonTestModule -->
  </suite> <!-- BscicAutomationBySelenium -->
</testng-results>
