<?xml version="1.0" encoding="UTF-8"?>
<testng-results ignored="0" total="5" passed="5" failed="0" skipped="0">
  <reporter-output>
  </reporter-output>
  <suite started-at="2021-08-11T12:50:03 BDT" name="BscicAutomationBySelenium" finished-at="2021-08-11T12:51:33 BDT" duration-ms="90815">
    <groups>
    </groups>
    <test started-at="2021-08-11T12:50:03 BDT" name="LoginTestModule" finished-at="2021-08-11T12:50:16 BDT" duration-ms="13062">
      <class name="com.bat.BscicAutomation.Test.LoginTest">
        <test-method signature="homepagetitleverify()[pri:0, instance:com.bat.BscicAutomation.Test.LoginTest@20140db9]" started-at="2021-08-11T12:50:03 BDT" name="homepagetitleverify" finished-at="2021-08-11T12:50:13 BDT" duration-ms="10518" status="PASS">
          <reporter-output>
          </reporter-output>
        </test-method> <!-- homepagetitleverify -->
        <test-method signature="logintest(java.util.List)[pri:0, instance:com.bat.BscicAutomation.Test.LoginTest@20140db9]" started-at="2021-08-11T12:50:14 BDT" name="logintest" data-provider="loginData" finished-at="2021-08-11T12:50:16 BDT" depends-on-methods="com.bat.BscicAutomation.Test.LoginTest.homepagetitleverify" duration-ms="1153" status="PASS">
          <params>
            <param index="0">
              <value>
                <![CDATA[[LoginDTO [username=afsana@batworld.com, password=123456A1@]]]]>
              </value>
            </param>
          </params>
          <reporter-output>
          </reporter-output>
        </test-method> <!-- logintest -->
      </class> <!-- com.bat.BscicAutomation.Test.LoginTest -->
    </test> <!-- LoginTestModule -->
    <test started-at="2021-08-11T12:50:16 BDT" name="ShilpoNibondhonTestModule" finished-at="2021-08-11T12:51:33 BDT" duration-ms="77715">
      <class name="com.bat.BscicAutomation.Test.ShilpoNibondhon">
        <test-method signature="homePageButtonVerifyAndClick()[pri:0, instance:com.bat.BscicAutomation.Test.ShilpoNibondhon@cecf639]" started-at="2021-08-11T12:50:16 BDT" name="homePageButtonVerifyAndClick" finished-at="2021-08-11T12:50:23 BDT" duration-ms="7637" status="PASS">
          <reporter-output>
          </reporter-output>
        </test-method> <!-- homePageButtonVerifyAndClick -->
        <test-method signature="goIndustrialRegistrationForm()[pri:0, instance:com.bat.BscicAutomation.Test.ShilpoNibondhon@cecf639]" started-at="2021-08-11T12:50:23 BDT" name="goIndustrialRegistrationForm" finished-at="2021-08-11T12:50:26 BDT" depends-on-methods="com.bat.BscicAutomation.Test.ShilpoNibondhon.homePageButtonVerifyAndClick" duration-ms="3037" status="PASS">
          <reporter-output>
          </reporter-output>
        </test-method> <!-- goIndustrialRegistrationForm -->
        <test-method signature="industrialRegistrationForm()[pri:0, instance:com.bat.BscicAutomation.Test.ShilpoNibondhon@cecf639]" started-at="2021-08-11T12:50:26 BDT" name="industrialRegistrationForm" finished-at="2021-08-11T12:51:33 BDT" depends-on-methods="com.bat.BscicAutomation.Test.ShilpoNibondhon.goIndustrialRegistrationForm" duration-ms="67030" status="PASS">
          <reporter-output>
          </reporter-output>
        </test-method> <!-- industrialRegistrationForm -->
      </class> <!-- com.bat.BscicAutomation.Test.ShilpoNibondhon -->
    </test> <!-- ShilpoNibondhonTestModule -->
  </suite> <!-- BscicAutomationBySelenium -->
</testng-results>
